2025-07-24T18:39:26,856  WARN PrepareForSimImpl:265 'usePersonIdForMissingVehicleId' is deprecated. It will be removed soon.
2025-07-24T18:39:26,863  WARN NetworkRoutingProvider:137 [mode: car; routingMode: car] Using deprecated routing module without access/egress. Consider using AccessEgressNetworkRouter instead.
2025-07-24T18:39:26,866  WARN NetworkRoutingProvider:137 [mode: walk; routingMode: walk] Using deprecated routing module without access/egress. Consider using AccessEgressNetworkRouter instead.
2025-07-24T18:39:26,867  WARN NetworkRoutingProvider:137 [mode: car; routingMode: car] Using deprecated routing module without access/egress. Consider using AccessEgressNetworkRouter instead.
2025-07-24T18:39:26,867  WARN NetworkRoutingProvider:137 [mode: walk; routingMode: walk] Using deprecated routing module without access/egress. Consider using AccessEgressNetworkRouter instead.
2025-07-24T18:39:26,877  WARN WalkTravelTime:215 Person's gender is not defined. Ignoring gender dependent walk speed factor.
2025-07-24T18:39:26,878  WARN WalkTravelTime:215 Person's age is not defined. Ignoring age dependent walk speed factor.
2025-07-24T18:39:26,981  WARN NetworkRoutingProvider:137 [mode: car; routingMode: car] Using deprecated routing module without access/egress. Consider using AccessEgressNetworkRouter instead.
2025-07-24T18:39:26,982  WARN NetworkRoutingProvider:137 [mode: walk; routingMode: walk] Using deprecated routing module without access/egress. Consider using AccessEgressNetworkRouter instead.
2025-07-24T18:39:26,982  WARN NetworkRoutingProvider:137 [mode: car; routingMode: car] Using deprecated routing module without access/egress. Consider using AccessEgressNetworkRouter instead.
2025-07-24T18:39:26,982  WARN NetworkRoutingProvider:137 [mode: walk; routingMode: walk] Using deprecated routing module without access/egress. Consider using AccessEgressNetworkRouter instead.
2025-07-24T18:39:27,063  WARN QueueWithBuffer:504 Link 20 too small: enlarge storage capacity from: 666.6666666666666 Vehicles to: 1799.8560115190785 Vehicles.  This is not fatal, but modifies the traffic flow dynamics.
2025-07-24T18:39:27,063  WARN QueueWithBuffer:504 Link 21 too small: enlarge storage capacity from: 1333.3333333333333 Vehicles to: 3599.712023038157 Vehicles.  This is not fatal, but modifies the traffic flow dynamics.
2025-07-24T18:39:27,063  WARN QueueWithBuffer:504 Link 22 too small: enlarge storage capacity from: 4666.666666666667 Vehicles to: 12598.99208063355 Vehicles.  This is not fatal, but modifies the traffic flow dynamics.
2025-07-24T18:39:27,063  WARN QueueWithBuffer:504 Link 23 too small: enlarge storage capacity from: 1333.3333333333333 Vehicles to: 3599.712023038157 Vehicles.  This is not fatal, but modifies the traffic flow dynamics.
2025-07-24T18:39:27,076  WARN WalkTravelTime:215 Person's gender is not defined. Ignoring gender dependent walk speed factor.
2025-07-24T18:39:27,076  WARN WalkTravelTime:215 Person's age is not defined. Ignoring age dependent walk speed factor.
2025-07-24T18:39:29,461  WARN NetworkRoutingProvider:137 [mode: car; routingMode: car] Using deprecated routing module without access/egress. Consider using AccessEgressNetworkRouter instead.
2025-07-24T18:39:29,461  WARN NetworkRoutingProvider:137 [mode: walk; routingMode: walk] Using deprecated routing module without access/egress. Consider using AccessEgressNetworkRouter instead.
2025-07-24T18:39:29,461  WARN NetworkRoutingProvider:137 [mode: car; routingMode: car] Using deprecated routing module without access/egress. Consider using AccessEgressNetworkRouter instead.
2025-07-24T18:39:29,461  WARN NetworkRoutingProvider:137 [mode: walk; routingMode: walk] Using deprecated routing module without access/egress. Consider using AccessEgressNetworkRouter instead.
2025-07-24T18:39:29,467  WARN NetworkRoutingProvider:137 [mode: car; routingMode: car] Using deprecated routing module without access/egress. Consider using AccessEgressNetworkRouter instead.
2025-07-24T18:39:29,467  WARN NetworkRoutingProvider:137 [mode: walk; routingMode: walk] Using deprecated routing module without access/egress. Consider using AccessEgressNetworkRouter instead.
2025-07-24T18:39:29,467  WARN NetworkRoutingProvider:137 [mode: car; routingMode: car] Using deprecated routing module without access/egress. Consider using AccessEgressNetworkRouter instead.
2025-07-24T18:39:29,468  WARN NetworkRoutingProvider:137 [mode: walk; routingMode: walk] Using deprecated routing module without access/egress. Consider using AccessEgressNetworkRouter instead.
2025-07-24T18:39:29,493  WARN QueueWithBuffer:504 Link 20 too small: enlarge storage capacity from: 666.6666666666666 Vehicles to: 1799.8560115190785 Vehicles.  This is not fatal, but modifies the traffic flow dynamics.
2025-07-24T18:39:29,493  WARN QueueWithBuffer:504 Link 21 too small: enlarge storage capacity from: 1333.3333333333333 Vehicles to: 3599.712023038157 Vehicles.  This is not fatal, but modifies the traffic flow dynamics.
2025-07-24T18:39:29,493  WARN QueueWithBuffer:504 Link 22 too small: enlarge storage capacity from: 4666.666666666667 Vehicles to: 12598.99208063355 Vehicles.  This is not fatal, but modifies the traffic flow dynamics.
2025-07-24T18:39:29,493  WARN QueueWithBuffer:504 Link 23 too small: enlarge storage capacity from: 1333.3333333333333 Vehicles to: 3599.712023038157 Vehicles.  This is not fatal, but modifies the traffic flow dynamics.
2025-07-24T18:39:29,496  WARN WalkTravelTime:215 Person's gender is not defined. Ignoring gender dependent walk speed factor.
2025-07-24T18:39:29,496  WARN WalkTravelTime:215 Person's age is not defined. Ignoring age dependent walk speed factor.
2025-07-24T18:39:31,618  WARN NetworkRoutingProvider:137 [mode: car; routingMode: car] Using deprecated routing module without access/egress. Consider using AccessEgressNetworkRouter instead.
2025-07-24T18:39:31,618  WARN NetworkRoutingProvider:137 [mode: walk; routingMode: walk] Using deprecated routing module without access/egress. Consider using AccessEgressNetworkRouter instead.
2025-07-24T18:39:31,618  WARN NetworkRoutingProvider:137 [mode: car; routingMode: car] Using deprecated routing module without access/egress. Consider using AccessEgressNetworkRouter instead.
2025-07-24T18:39:31,618  WARN NetworkRoutingProvider:137 [mode: walk; routingMode: walk] Using deprecated routing module without access/egress. Consider using AccessEgressNetworkRouter instead.
2025-07-24T18:39:31,620  WARN NetworkRoutingProvider:137 [mode: car; routingMode: car] Using deprecated routing module without access/egress. Consider using AccessEgressNetworkRouter instead.
2025-07-24T18:39:31,620  WARN NetworkRoutingProvider:137 [mode: walk; routingMode: walk] Using deprecated routing module without access/egress. Consider using AccessEgressNetworkRouter instead.
2025-07-24T18:39:31,620  WARN NetworkRoutingProvider:137 [mode: car; routingMode: car] Using deprecated routing module without access/egress. Consider using AccessEgressNetworkRouter instead.
2025-07-24T18:39:31,620  WARN NetworkRoutingProvider:137 [mode: walk; routingMode: walk] Using deprecated routing module without access/egress. Consider using AccessEgressNetworkRouter instead.
2025-07-24T18:39:31,644  WARN QueueWithBuffer:504 Link 20 too small: enlarge storage capacity from: 666.6666666666666 Vehicles to: 1799.8560115190785 Vehicles.  This is not fatal, but modifies the traffic flow dynamics.
2025-07-24T18:39:31,644  WARN QueueWithBuffer:504 Link 21 too small: enlarge storage capacity from: 1333.3333333333333 Vehicles to: 3599.712023038157 Vehicles.  This is not fatal, but modifies the traffic flow dynamics.
2025-07-24T18:39:31,644  WARN QueueWithBuffer:504 Link 22 too small: enlarge storage capacity from: 4666.666666666667 Vehicles to: 12598.99208063355 Vehicles.  This is not fatal, but modifies the traffic flow dynamics.
2025-07-24T18:39:31,644  WARN QueueWithBuffer:507 Additional warnings of this type are suppressed.
2025-07-24T18:39:31,646  WARN WalkTravelTime:215 Person's gender is not defined. Ignoring gender dependent walk speed factor.
2025-07-24T18:39:31,646  WARN WalkTravelTime:215 Person's age is not defined. Ignoring age dependent walk speed factor.
2025-07-24T18:39:33,854  WARN NetworkRoutingProvider:137 [mode: car; routingMode: car] Using deprecated routing module without access/egress. Consider using AccessEgressNetworkRouter instead.
2025-07-24T18:39:33,854  WARN NetworkRoutingProvider:137 [mode: walk; routingMode: walk] Using deprecated routing module without access/egress. Consider using AccessEgressNetworkRouter instead.
2025-07-24T18:39:33,855  WARN NetworkRoutingProvider:137 [mode: car; routingMode: car] Using deprecated routing module without access/egress. Consider using AccessEgressNetworkRouter instead.
2025-07-24T18:39:33,855  WARN NetworkRoutingProvider:137 [mode: walk; routingMode: walk] Using deprecated routing module without access/egress. Consider using AccessEgressNetworkRouter instead.
2025-07-24T18:39:33,857  WARN NetworkRoutingProvider:137 [mode: car; routingMode: car] Using deprecated routing module without access/egress. Consider using AccessEgressNetworkRouter instead.
2025-07-24T18:39:33,857  WARN NetworkRoutingProvider:137 [mode: walk; routingMode: walk] Using deprecated routing module without access/egress. Consider using AccessEgressNetworkRouter instead.
2025-07-24T18:39:33,857  WARN NetworkRoutingProvider:137 [mode: car; routingMode: car] Using deprecated routing module without access/egress. Consider using AccessEgressNetworkRouter instead.
2025-07-24T18:39:33,857  WARN NetworkRoutingProvider:137 [mode: walk; routingMode: walk] Using deprecated routing module without access/egress. Consider using AccessEgressNetworkRouter instead.
2025-07-24T18:39:33,880  WARN WalkTravelTime:215 Person's gender is not defined. Ignoring gender dependent walk speed factor.
2025-07-24T18:39:33,880  WARN WalkTravelTime:215 Person's age is not defined. Ignoring age dependent walk speed factor.
2025-07-24T18:39:36,189  WARN NetworkRoutingProvider:137 [mode: car; routingMode: car] Using deprecated routing module without access/egress. Consider using AccessEgressNetworkRouter instead.
2025-07-24T18:39:36,189  WARN NetworkRoutingProvider:137 [mode: walk; routingMode: walk] Using deprecated routing module without access/egress. Consider using AccessEgressNetworkRouter instead.
2025-07-24T18:39:36,189  WARN NetworkRoutingProvider:137 [mode: car; routingMode: car] Using deprecated routing module without access/egress. Consider using AccessEgressNetworkRouter instead.
2025-07-24T18:39:36,189  WARN NetworkRoutingProvider:137 [mode: walk; routingMode: walk] Using deprecated routing module without access/egress. Consider using AccessEgressNetworkRouter instead.
2025-07-24T18:39:36,191  WARN NetworkRoutingProvider:137 [mode: car; routingMode: car] Using deprecated routing module without access/egress. Consider using AccessEgressNetworkRouter instead.
2025-07-24T18:39:36,191  WARN NetworkRoutingProvider:137 [mode: walk; routingMode: walk] Using deprecated routing module without access/egress. Consider using AccessEgressNetworkRouter instead.
2025-07-24T18:39:36,191  WARN NetworkRoutingProvider:137 [mode: car; routingMode: car] Using deprecated routing module without access/egress. Consider using AccessEgressNetworkRouter instead.
2025-07-24T18:39:36,191  WARN NetworkRoutingProvider:137 [mode: walk; routingMode: walk] Using deprecated routing module without access/egress. Consider using AccessEgressNetworkRouter instead.
2025-07-24T18:39:36,211  WARN WalkTravelTime:215 Person's gender is not defined. Ignoring gender dependent walk speed factor.
2025-07-24T18:39:36,211  WARN WalkTravelTime:215 Person's age is not defined. Ignoring age dependent walk speed factor.
2025-07-24T18:39:38,223  WARN NetworkRoutingProvider:137 [mode: car; routingMode: car] Using deprecated routing module without access/egress. Consider using AccessEgressNetworkRouter instead.
2025-07-24T18:39:38,223  WARN NetworkRoutingProvider:137 [mode: walk; routingMode: walk] Using deprecated routing module without access/egress. Consider using AccessEgressNetworkRouter instead.
2025-07-24T18:39:38,223  WARN NetworkRoutingProvider:137 [mode: car; routingMode: car] Using deprecated routing module without access/egress. Consider using AccessEgressNetworkRouter instead.
2025-07-24T18:39:38,223  WARN NetworkRoutingProvider:137 [mode: walk; routingMode: walk] Using deprecated routing module without access/egress. Consider using AccessEgressNetworkRouter instead.
2025-07-24T18:39:38,225  WARN NetworkRoutingProvider:137 [mode: car; routingMode: car] Using deprecated routing module without access/egress. Consider using AccessEgressNetworkRouter instead.
2025-07-24T18:39:38,225  WARN NetworkRoutingProvider:137 [mode: walk; routingMode: walk] Using deprecated routing module without access/egress. Consider using AccessEgressNetworkRouter instead.
2025-07-24T18:39:38,225  WARN NetworkRoutingProvider:137 [mode: car; routingMode: car] Using deprecated routing module without access/egress. Consider using AccessEgressNetworkRouter instead.
2025-07-24T18:39:38,226  WARN NetworkRoutingProvider:137 [mode: walk; routingMode: walk] Using deprecated routing module without access/egress. Consider using AccessEgressNetworkRouter instead.
2025-07-24T18:39:38,244  WARN WalkTravelTime:215 Person's gender is not defined. Ignoring gender dependent walk speed factor.
2025-07-24T18:39:38,244  WARN WalkTravelTime:215 Person's age is not defined. Ignoring age dependent walk speed factor.
2025-07-24T18:39:40,226  WARN NetworkRoutingProvider:137 [mode: car; routingMode: car] Using deprecated routing module without access/egress. Consider using AccessEgressNetworkRouter instead.
2025-07-24T18:39:40,226  WARN NetworkRoutingProvider:137 [mode: walk; routingMode: walk] Using deprecated routing module without access/egress. Consider using AccessEgressNetworkRouter instead.
2025-07-24T18:39:40,226  WARN NetworkRoutingProvider:137 [mode: car; routingMode: car] Using deprecated routing module without access/egress. Consider using AccessEgressNetworkRouter instead.
2025-07-24T18:39:40,226  WARN NetworkRoutingProvider:137 [mode: walk; routingMode: walk] Using deprecated routing module without access/egress. Consider using AccessEgressNetworkRouter instead.
2025-07-24T18:39:40,229  WARN NetworkRoutingProvider:137 [mode: car; routingMode: car] Using deprecated routing module without access/egress. Consider using AccessEgressNetworkRouter instead.
2025-07-24T18:39:40,229  WARN NetworkRoutingProvider:137 [mode: walk; routingMode: walk] Using deprecated routing module without access/egress. Consider using AccessEgressNetworkRouter instead.
2025-07-24T18:39:40,229  WARN NetworkRoutingProvider:137 [mode: car; routingMode: car] Using deprecated routing module without access/egress. Consider using AccessEgressNetworkRouter instead.
2025-07-24T18:39:40,229  WARN NetworkRoutingProvider:137 [mode: walk; routingMode: walk] Using deprecated routing module without access/egress. Consider using AccessEgressNetworkRouter instead.
2025-07-24T18:39:40,247  WARN WalkTravelTime:215 Person's gender is not defined. Ignoring gender dependent walk speed factor.
2025-07-24T18:39:40,247  WARN WalkTravelTime:215 Person's age is not defined. Ignoring age dependent walk speed factor.
2025-07-24T18:39:42,100  WARN NetworkRoutingProvider:137 [mode: car; routingMode: car] Using deprecated routing module without access/egress. Consider using AccessEgressNetworkRouter instead.
2025-07-24T18:39:42,100  WARN NetworkRoutingProvider:137 [mode: walk; routingMode: walk] Using deprecated routing module without access/egress. Consider using AccessEgressNetworkRouter instead.
2025-07-24T18:39:42,100  WARN NetworkRoutingProvider:137 [mode: car; routingMode: car] Using deprecated routing module without access/egress. Consider using AccessEgressNetworkRouter instead.
2025-07-24T18:39:42,100  WARN NetworkRoutingProvider:137 [mode: walk; routingMode: walk] Using deprecated routing module without access/egress. Consider using AccessEgressNetworkRouter instead.
2025-07-24T18:39:42,102  WARN NetworkRoutingProvider:137 [mode: car; routingMode: car] Using deprecated routing module without access/egress. Consider using AccessEgressNetworkRouter instead.
2025-07-24T18:39:42,102  WARN NetworkRoutingProvider:137 [mode: walk; routingMode: walk] Using deprecated routing module without access/egress. Consider using AccessEgressNetworkRouter instead.
2025-07-24T18:39:42,102  WARN NetworkRoutingProvider:137 [mode: car; routingMode: car] Using deprecated routing module without access/egress. Consider using AccessEgressNetworkRouter instead.
2025-07-24T18:39:42,102  WARN NetworkRoutingProvider:137 [mode: walk; routingMode: walk] Using deprecated routing module without access/egress. Consider using AccessEgressNetworkRouter instead.
2025-07-24T18:39:42,122  WARN WalkTravelTime:215 Person's gender is not defined. Ignoring gender dependent walk speed factor.
2025-07-24T18:39:42,122  WARN WalkTravelTime:215 Person's age is not defined. Ignoring age dependent walk speed factor.
2025-07-24T18:39:44,321  WARN NetworkRoutingProvider:137 [mode: car; routingMode: car] Using deprecated routing module without access/egress. Consider using AccessEgressNetworkRouter instead.
2025-07-24T18:39:44,322  WARN NetworkRoutingProvider:137 [mode: walk; routingMode: walk] Using deprecated routing module without access/egress. Consider using AccessEgressNetworkRouter instead.
2025-07-24T18:39:44,322  WARN NetworkRoutingProvider:137 [mode: car; routingMode: car] Using deprecated routing module without access/egress. Consider using AccessEgressNetworkRouter instead.
2025-07-24T18:39:44,322  WARN NetworkRoutingProvider:137 [mode: walk; routingMode: walk] Using deprecated routing module without access/egress. Consider using AccessEgressNetworkRouter instead.
2025-07-24T18:39:44,324  WARN NetworkRoutingProvider:137 [mode: car; routingMode: car] Using deprecated routing module without access/egress. Consider using AccessEgressNetworkRouter instead.
2025-07-24T18:39:44,324  WARN NetworkRoutingProvider:137 [mode: walk; routingMode: walk] Using deprecated routing module without access/egress. Consider using AccessEgressNetworkRouter instead.
2025-07-24T18:39:44,324  WARN NetworkRoutingProvider:137 [mode: car; routingMode: car] Using deprecated routing module without access/egress. Consider using AccessEgressNetworkRouter instead.
2025-07-24T18:39:44,324  WARN NetworkRoutingProvider:137 [mode: walk; routingMode: walk] Using deprecated routing module without access/egress. Consider using AccessEgressNetworkRouter instead.
2025-07-24T18:39:44,341  WARN WalkTravelTime:215 Person's gender is not defined. Ignoring gender dependent walk speed factor.
2025-07-24T18:39:44,341  WARN WalkTravelTime:215 Person's age is not defined. Ignoring age dependent walk speed factor.
2025-07-24T18:39:46,331  WARN NetworkRoutingProvider:137 [mode: car; routingMode: car] Using deprecated routing module without access/egress. Consider using AccessEgressNetworkRouter instead.
2025-07-24T18:39:46,331  WARN NetworkRoutingProvider:137 [mode: walk; routingMode: walk] Using deprecated routing module without access/egress. Consider using AccessEgressNetworkRouter instead.
2025-07-24T18:39:46,331  WARN NetworkRoutingProvider:137 [mode: car; routingMode: car] Using deprecated routing module without access/egress. Consider using AccessEgressNetworkRouter instead.
2025-07-24T18:39:46,331  WARN NetworkRoutingProvider:137 [mode: walk; routingMode: walk] Using deprecated routing module without access/egress. Consider using AccessEgressNetworkRouter instead.
2025-07-24T18:39:46,332  WARN NetworkRoutingProvider:137 [mode: car; routingMode: car] Using deprecated routing module without access/egress. Consider using AccessEgressNetworkRouter instead.
2025-07-24T18:39:46,332  WARN NetworkRoutingProvider:137 [mode: walk; routingMode: walk] Using deprecated routing module without access/egress. Consider using AccessEgressNetworkRouter instead.
2025-07-24T18:39:46,332  WARN NetworkRoutingProvider:137 [mode: car; routingMode: car] Using deprecated routing module without access/egress. Consider using AccessEgressNetworkRouter instead.
2025-07-24T18:39:46,332  WARN NetworkRoutingProvider:137 [mode: walk; routingMode: walk] Using deprecated routing module without access/egress. Consider using AccessEgressNetworkRouter instead.
2025-07-24T18:39:46,350  WARN WalkTravelTime:215 Person's gender is not defined. Ignoring gender dependent walk speed factor.
2025-07-24T18:39:46,350  WARN WalkTravelTime:215 Person's age is not defined. Ignoring age dependent walk speed factor.
2025-07-24T18:39:48,393  WARN NetworkRoutingProvider:137 [mode: car; routingMode: car] Using deprecated routing module without access/egress. Consider using AccessEgressNetworkRouter instead.
2025-07-24T18:39:48,393  WARN NetworkRoutingProvider:137 [mode: walk; routingMode: walk] Using deprecated routing module without access/egress. Consider using AccessEgressNetworkRouter instead.
2025-07-24T18:39:48,394  WARN NetworkRoutingProvider:137 [mode: car; routingMode: car] Using deprecated routing module without access/egress. Consider using AccessEgressNetworkRouter instead.
2025-07-24T18:39:48,394  WARN NetworkRoutingProvider:137 [mode: walk; routingMode: walk] Using deprecated routing module without access/egress. Consider using AccessEgressNetworkRouter instead.
2025-07-24T18:39:48,398  WARN NetworkRoutingProvider:137 [mode: car; routingMode: car] Using deprecated routing module without access/egress. Consider using AccessEgressNetworkRouter instead.
2025-07-24T18:39:48,398  WARN NetworkRoutingProvider:137 [mode: walk; routingMode: walk] Using deprecated routing module without access/egress. Consider using AccessEgressNetworkRouter instead.
2025-07-24T18:39:48,399  WARN NetworkRoutingProvider:137 [mode: car; routingMode: car] Using deprecated routing module without access/egress. Consider using AccessEgressNetworkRouter instead.
2025-07-24T18:39:48,399  WARN NetworkRoutingProvider:137 [mode: walk; routingMode: walk] Using deprecated routing module without access/egress. Consider using AccessEgressNetworkRouter instead.
2025-07-24T18:39:48,424  WARN WalkTravelTime:215 Person's gender is not defined. Ignoring gender dependent walk speed factor.
2025-07-24T18:39:48,424  WARN WalkTravelTime:215 Person's age is not defined. Ignoring age dependent walk speed factor.
